生成启动时间为 2017/12/9 1:26:02。
     1>项目“G:\胡恒\CUHK\Year3 Term1\CSCI 3260\proj\csci3260proj\Project1\Project1\Project1.vcxproj”在节点 2 上(Build 个目标)。
     1>ClCompile:
         C:\Program Files (x86)\Microsoft Visual Studio 14.0\VC\bin\x86_amd64\CL.exe /c /ZI /nologo /W3 /WX- /sdl /Od /D _CRT_SECURE_NO_WARNINGS /D _MBCS /Gm /EHsc /RTC1 /MDd /GS /fp:precise /Zc:wchar_t /Zc:forScope /Zc:inline /Fo"x64\Debug\\" /Fd"x64\Debug\vc140.pdb" /Gd /TP /errorReport:prompt submit.cpp
         submit.cpp
     1>g:\胡恒\cuhk\year3 term1\csci 3260\proj\csci3260proj\project1\project1\dependencies\glui\glui.h(880): warning C4244: “参数”: 从“double”转换到“GLfloat”，可能丢失数据
     1>g:\胡恒\cuhk\year3 term1\csci 3260\proj\csci3260proj\project1\project1\submit.cpp(79): warning C4305: “初始化”: 从“double”到“float”截断
     1>g:\胡恒\cuhk\year3 term1\csci 3260\proj\csci3260proj\project1\project1\submit.cpp(239): warning C4244: “=”: 从“double”转换到“float”，可能丢失数据
     1>g:\胡恒\cuhk\year3 term1\csci 3260\proj\csci3260proj\project1\project1\submit.cpp(240): warning C4244: “=”: 从“double”转换到“float”，可能丢失数据
     1>g:\胡恒\cuhk\year3 term1\csci 3260\proj\csci3260proj\project1\project1\submit.cpp(728): warning C4244: “初始化”: 从“double”转换到“GLfloat”，可能丢失数据
     1>g:\胡恒\cuhk\year3 term1\csci 3260\proj\csci3260proj\project1\project1\submit.cpp(732): warning C4244: “初始化”: 从“int”转换到“float”，可能丢失数据
     1>g:\胡恒\cuhk\year3 term1\csci 3260\proj\csci3260proj\project1\project1\submit.cpp(933): warning C4305: “+=”: 从“double”到“float”截断
     1>g:\胡恒\cuhk\year3 term1\csci 3260\proj\csci3260proj\project1\project1\submit.cpp(934): warning C4305: “+=”: 从“double”到“float”截断
     1>g:\胡恒\cuhk\year3 term1\csci 3260\proj\csci3260proj\project1\project1\submit.cpp(938): warning C4244: “参数”: 从“float”转换到“unsigned int”，可能丢失数据
     1>g:\胡恒\cuhk\year3 term1\csci 3260\proj\csci3260proj\project1\project1\submit.cpp(957): warning C4305: “=”: 从“double”到“float”截断
     1>g:\胡恒\cuhk\year3 term1\csci 3260\proj\csci3260proj\project1\project1\submit.cpp(966): warning C4305: “=”: 从“double”到“float”截断
     1>g:\胡恒\cuhk\year3 term1\csci 3260\proj\csci3260proj\project1\project1\submit.cpp(975): warning C4305: “=”: 从“double”到“float”截断
     1>g:\胡恒\cuhk\year3 term1\csci 3260\proj\csci3260proj\project1\project1\submit.cpp(1029): warning C4244: “初始化”: 从“double”转换到“int”，可能丢失数据
     1>g:\胡恒\cuhk\year3 term1\csci 3260\proj\csci3260proj\project1\project1\submit.cpp(1080): warning C4244: “参数”: 从“float”转换到“unsigned int”，可能丢失数据
       Link:
         C:\Program Files (x86)\Microsoft Visual Studio 14.0\VC\bin\x86_amd64\link.exe /ERRORREPORT:PROMPT /OUT:"G:\胡恒\CUHK\Year3 Term1\CSCI 3260\proj\csci3260proj\Project1\x64\Debug\Project1.exe" /INCREMENTAL /NOLOGO /LIBPATH:"G:\胡恒\CUHK\Year3 Term1\CSCI 3260\proj\csci3260proj\Project1\Project1\Dependencies\include" /LIBPATH:"G:\胡恒\CUHK\Year3 Term1\CSCI 3260\proj\csci3260proj\Project1\Project1\Dependencies\glm" /LIBPATH:"G:\胡恒\CUHK\Year3 Term1\CSCI 3260\proj\csci3260proj\Project1\Project1\Dependencies\glew" /LIBPATH:"G:\胡恒\CUHK\Year3 Term1\CSCI 3260\proj\csci3260proj\Project1\Project1\Dependencies\freeglut" /LIBPATH:"G:\胡恒\CUHK\Year3 Term1\CSCI 3260\proj\csci3260proj\Project1\Project1\Dependencies\glui" opengl32.lib freeglut.lib glew32.lib glui32.lib irrKlang.lib kernel32.lib user32.lib gdi32.lib winspool.lib comdlg32.lib advapi32.lib shell32.lib ole32.lib oleaut32.lib uuid.lib odbc32.lib odbccp32.lib /MANIFEST /MANIFESTUAC:"level='asInvoker' uiAccess='false'" /manifest:embed /Debug /PDB:"G:\胡恒\CUHK\Year3 Term1\CSCI 3260\proj\csci3260proj\Project1\x64\Debug\Project1.pdb" /TLBID:1 /DYNAMICBASE /NXCOMPAT /IMPLIB:"G:\胡恒\CUHK\Year3 Term1\CSCI 3260\proj\csci3260proj\Project1\x64\Debug\Project1.lib" /MACHINE:X64 x64\Debug\Bind_Data.obj
         x64\Debug\Loading_func.obj
         x64\Debug\shader_install.obj
         x64\Debug\submit.obj
     1>glui32.lib(algebra3.obj) : warning LNK4099: 未找到 PDB“_glui library.pdb”(使用“glui32.lib(algebra3.obj)”或在“G:\胡恒\CUHK\Year3 Term1\CSCI 3260\proj\csci3260proj\Project1\x64\Debug\_glui library.pdb”中寻找)；正在链接对象，如同没有调试信息一样
     1>glui32.lib(arcball.obj) : warning LNK4099: 未找到 PDB“_glui library.pdb”(使用“glui32.lib(arcball.obj)”或在“G:\胡恒\CUHK\Year3 Term1\CSCI 3260\proj\csci3260proj\Project1\x64\Debug\_glui library.pdb”中寻找)；正在链接对象，如同没有调试信息一样
     1>glui32.lib(glui.obj) : warning LNK4099: 未找到 PDB“_glui library.pdb”(使用“glui32.lib(glui.obj)”或在“G:\胡恒\CUHK\Year3 Term1\CSCI 3260\proj\csci3260proj\Project1\x64\Debug\_glui library.pdb”中寻找)；正在链接对象，如同没有调试信息一样
     1>glui32.lib(glui_add_controls.obj) : warning LNK4099: 未找到 PDB“_glui library.pdb”(使用“glui32.lib(glui_add_controls.obj)”或在“G:\胡恒\CUHK\Year3 Term1\CSCI 3260\proj\csci3260proj\Project1\x64\Debug\_glui library.pdb”中寻找)；正在链接对象，如同没有调试信息一样
     1>glui32.lib(glui_bitmaps.obj) : warning LNK4099: 未找到 PDB“_glui library.pdb”(使用“glui32.lib(glui_bitmaps.obj)”或在“G:\胡恒\CUHK\Year3 Term1\CSCI 3260\proj\csci3260proj\Project1\x64\Debug\_glui library.pdb”中寻找)；正在链接对象，如同没有调试信息一样
     1>glui32.lib(glui_bitmap_img_data.obj) : warning LNK4099: 未找到 PDB“_glui library.pdb”(使用“glui32.lib(glui_bitmap_img_data.obj)”或在“G:\胡恒\CUHK\Year3 Term1\CSCI 3260\proj\csci3260proj\Project1\x64\Debug\_glui library.pdb”中寻找)；正在链接对象，如同没有调试信息一样
     1>glui32.lib(glui_button.obj) : warning LNK4099: 未找到 PDB“_glui library.pdb”(使用“glui32.lib(glui_button.obj)”或在“G:\胡恒\CUHK\Year3 Term1\CSCI 3260\proj\csci3260proj\Project1\x64\Debug\_glui library.pdb”中寻找)；正在链接对象，如同没有调试信息一样
     1>glui32.lib(glui_checkbox.obj) : warning LNK4099: 未找到 PDB“_glui library.pdb”(使用“glui32.lib(glui_checkbox.obj)”或在“G:\胡恒\CUHK\Year3 Term1\CSCI 3260\proj\csci3260proj\Project1\x64\Debug\_glui library.pdb”中寻找)；正在链接对象，如同没有调试信息一样
     1>glui32.lib(glui_column.obj) : warning LNK4099: 未找到 PDB“_glui library.pdb”(使用“glui32.lib(glui_column.obj)”或在“G:\胡恒\CUHK\Year3 Term1\CSCI 3260\proj\csci3260proj\Project1\x64\Debug\_glui library.pdb”中寻找)；正在链接对象，如同没有调试信息一样
     1>glui32.lib(glui_control.obj) : warning LNK4099: 未找到 PDB“_glui library.pdb”(使用“glui32.lib(glui_control.obj)”或在“G:\胡恒\CUHK\Year3 Term1\CSCI 3260\proj\csci3260proj\Project1\x64\Debug\_glui library.pdb”中寻找)；正在链接对象，如同没有调试信息一样
     1>glui32.lib(glui_edittext.obj) : warning LNK4099: 未找到 PDB“_glui library.pdb”(使用“glui32.lib(glui_edittext.obj)”或在“G:\胡恒\CUHK\Year3 Term1\CSCI 3260\proj\csci3260proj\Project1\x64\Debug\_glui library.pdb”中寻找)；正在链接对象，如同没有调试信息一样
     1>glui32.lib(glui_listbox.obj) : warning LNK4099: 未找到 PDB“_glui library.pdb”(使用“glui32.lib(glui_listbox.obj)”或在“G:\胡恒\CUHK\Year3 Term1\CSCI 3260\proj\csci3260proj\Project1\x64\Debug\_glui library.pdb”中寻找)；正在链接对象，如同没有调试信息一样
     1>glui32.lib(glui_mouse_iaction.obj) : warning LNK4099: 未找到 PDB“_glui library.pdb”(使用“glui32.lib(glui_mouse_iaction.obj)”或在“G:\胡恒\CUHK\Year3 Term1\CSCI 3260\proj\csci3260proj\Project1\x64\Debug\_glui library.pdb”中寻找)；正在链接对象，如同没有调试信息一样
     1>glui32.lib(glui_node.obj) : warning LNK4099: 未找到 PDB“_glui library.pdb”(使用“glui32.lib(glui_node.obj)”或在“G:\胡恒\CUHK\Year3 Term1\CSCI 3260\proj\csci3260proj\Project1\x64\Debug\_glui library.pdb”中寻找)；正在链接对象，如同没有调试信息一样
     1>glui32.lib(glui_panel.obj) : warning LNK4099: 未找到 PDB“_glui library.pdb”(使用“glui32.lib(glui_panel.obj)”或在“G:\胡恒\CUHK\Year3 Term1\CSCI 3260\proj\csci3260proj\Project1\x64\Debug\_glui library.pdb”中寻找)；正在链接对象，如同没有调试信息一样
     1>glui32.lib(glui_radio.obj) : warning LNK4099: 未找到 PDB“_glui library.pdb”(使用“glui32.lib(glui_radio.obj)”或在“G:\胡恒\CUHK\Year3 Term1\CSCI 3260\proj\csci3260proj\Project1\x64\Debug\_glui library.pdb”中寻找)；正在链接对象，如同没有调试信息一样
     1>glui32.lib(glui_rollout.obj) : warning LNK4099: 未找到 PDB“_glui library.pdb”(使用“glui32.lib(glui_rollout.obj)”或在“G:\胡恒\CUHK\Year3 Term1\CSCI 3260\proj\csci3260proj\Project1\x64\Debug\_glui library.pdb”中寻找)；正在链接对象，如同没有调试信息一样
     1>glui32.lib(glui_rotation.obj) : warning LNK4099: 未找到 PDB“_glui library.pdb”(使用“glui32.lib(glui_rotation.obj)”或在“G:\胡恒\CUHK\Year3 Term1\CSCI 3260\proj\csci3260proj\Project1\x64\Debug\_glui library.pdb”中寻找)；正在链接对象，如同没有调试信息一样
     1>glui32.lib(glui_separator.obj) : warning LNK4099: 未找到 PDB“_glui library.pdb”(使用“glui32.lib(glui_separator.obj)”或在“G:\胡恒\CUHK\Year3 Term1\CSCI 3260\proj\csci3260proj\Project1\x64\Debug\_glui library.pdb”中寻找)；正在链接对象，如同没有调试信息一样
     1>glui32.lib(glui_spinner.obj) : warning LNK4099: 未找到 PDB“_glui library.pdb”(使用“glui32.lib(glui_spinner.obj)”或在“G:\胡恒\CUHK\Year3 Term1\CSCI 3260\proj\csci3260proj\Project1\x64\Debug\_glui library.pdb”中寻找)；正在链接对象，如同没有调试信息一样
     1>glui32.lib(glui_statictext.obj) : warning LNK4099: 未找到 PDB“_glui library.pdb”(使用“glui32.lib(glui_statictext.obj)”或在“G:\胡恒\CUHK\Year3 Term1\CSCI 3260\proj\csci3260proj\Project1\x64\Debug\_glui library.pdb”中寻找)；正在链接对象，如同没有调试信息一样
     1>glui32.lib(glui_string.obj) : warning LNK4099: 未找到 PDB“_glui library.pdb”(使用“glui32.lib(glui_string.obj)”或在“G:\胡恒\CUHK\Year3 Term1\CSCI 3260\proj\csci3260proj\Project1\x64\Debug\_glui library.pdb”中寻找)；正在链接对象，如同没有调试信息一样
     1>glui32.lib(glui_translation.obj) : warning LNK4099: 未找到 PDB“_glui library.pdb”(使用“glui32.lib(glui_translation.obj)”或在“G:\胡恒\CUHK\Year3 Term1\CSCI 3260\proj\csci3260proj\Project1\x64\Debug\_glui library.pdb”中寻找)；正在链接对象，如同没有调试信息一样
     1>glui32.lib(glui_window.obj) : warning LNK4099: 未找到 PDB“_glui library.pdb”(使用“glui32.lib(glui_window.obj)”或在“G:\胡恒\CUHK\Year3 Term1\CSCI 3260\proj\csci3260proj\Project1\x64\Debug\_glui library.pdb”中寻找)；正在链接对象，如同没有调试信息一样
     1>glui32.lib(quaternion.obj) : warning LNK4099: 未找到 PDB“_glui library.pdb”(使用“glui32.lib(quaternion.obj)”或在“G:\胡恒\CUHK\Year3 Term1\CSCI 3260\proj\csci3260proj\Project1\x64\Debug\_glui library.pdb”中寻找)；正在链接对象，如同没有调试信息一样
         Project1.vcxproj -> G:\胡恒\CUHK\Year3 Term1\CSCI 3260\proj\csci3260proj\Project1\x64\Debug\Project1.exe
     1>已完成生成项目“G:\胡恒\CUHK\Year3 Term1\CSCI 3260\proj\csci3260proj\Project1\Project1\Project1.vcxproj”(Build 个目标)的操作。

已成功生成。

已用时间 00:00:02.82
